2026-01-22 21:49:29,786 INFO: BarberX Legal Tech startup [in C:\web-dev\github-repos\BarberX.info\app.py:61]
2026-01-22 21:49:30,065 INFO: Default admin user created [in C:\web-dev\github-repos\BarberX.info\app.py:948]
2026-01-22 23:08:45,709 INFO: BarberX Legal Tech startup [in C:\web-dev\github-repos\BarberX.info\app.py:61]
2026-01-22 23:08:50,188 INFO: BarberX Legal Tech startup [in C:\web-dev\github-repos\BarberX.info\app.py:61]
2026-01-22 23:12:10,759 INFO: BarberX Legal Tech startup [in C:\web-dev\github-repos\BarberX.info\app.py:61]
2026-01-22 23:12:13,662 INFO: BarberX Legal Tech startup [in C:\web-dev\github-repos\BarberX.info\app.py:61]
2026-01-22 23:13:21,106 INFO: BarberX Legal Tech startup [in C:\web-dev\github-repos\BarberX.info\app.py:61]
2026-01-22 23:13:24,919 INFO: BarberX Legal Tech startup [in C:\web-dev\github-repos\BarberX.info\app.py:61]
2026-01-22 23:22:43,985 INFO: BarberX Legal Tech startup [in C:\web-dev\github-repos\BarberX.info\app.py:61]
2026-01-23 01:06:46,773 INFO: BarberX Legal Tech startup [in C:\web-dev\github-repos\BarberX.info\app.py:84]
2026-01-23 01:07:26,008 INFO: BarberX Legal Tech startup [in C:\web-dev\github-repos\BarberX.info\app.py:84]
2026-01-23 01:08:11,296 INFO: BarberX Legal Tech startup [in C:\web-dev\github-repos\BarberX.info\app.py:84]
2026-01-23 01:08:45,438 INFO: BarberX Legal Tech startup [in C:\web-dev\github-repos\BarberX.info\app.py:84]
2026-01-23 01:12:02,014 INFO: BarberX Legal Tech startup [in C:\web-dev\github-repos\BarberX.info\app.py:84]
2026-01-23 01:12:48,105 INFO: BarberX Legal Tech startup [in C:\web-dev\github-repos\BarberX.info\app.py:84]
2026-01-23 01:13:56,955 INFO: BarberX Legal Tech startup [in C:\web-dev\github-repos\BarberX.info\app.py:84]
2026-01-23 01:14:28,275 INFO: BarberX Legal Tech startup [in C:\web-dev\github-repos\BarberX.info\app.py:84]
2026-01-23 01:14:28,296 INFO: Database tables initialized [in C:\web-dev\github-repos\BarberX.info\app.py:1550]
2026-01-23 01:14:30,772 INFO: BarberX Legal Tech startup [in C:\web-dev\github-repos\BarberX.info\app.py:84]
2026-01-23 01:14:30,805 INFO: Database tables initialized [in C:\web-dev\github-repos\BarberX.info\app.py:1550]
2026-01-23 04:28:52,105 INFO: BarberX Legal Tech startup [in C:\web-dev\github-repos\BarberX.info\app.py:84]
2026-01-23 04:28:52,220 INFO: Database tables initialized [in C:\web-dev\github-repos\BarberX.info\app.py:1550]
2026-01-23 16:49:26,925 INFO: BarberX Legal Tech startup [in C:\web-dev\github-repos\BarberX.info\app.py:84]
2026-01-23 16:49:26,995 INFO: Database tables initialized [in C:\web-dev\github-repos\BarberX.info\app.py:1893]
2026-01-23 16:50:22,557 INFO: BarberX Legal Tech startup [in C:\web-dev\github-repos\BarberX.info\app.py:84]
2026-01-23 16:50:22,599 INFO: Database tables initialized [in C:\web-dev\github-repos\BarberX.info\app.py:1893]
2026-01-23 16:50:25,536 INFO: BarberX Legal Tech startup [in C:\web-dev\github-repos\BarberX.info\app.py:84]
2026-01-23 16:50:25,589 INFO: Database tables initialized [in C:\web-dev\github-repos\BarberX.info\app.py:1893]
2026-01-23 17:03:40,312 INFO: BarberX Legal Tech startup [in C:\web-dev\github-repos\BarberX.info\app.py:84]
2026-01-23 17:03:40,389 INFO: Database tables initialized [in C:\web-dev\github-repos\BarberX.info\app.py:1893]
2026-01-23 17:06:30,239 INFO: BarberX Legal Tech startup [in C:\web-dev\github-repos\BarberX.info\app.py:84]
2026-01-23 17:06:30,285 INFO: Database tables initialized [in C:\web-dev\github-repos\BarberX.info\app.py:2117]
2026-01-23 17:21:27,446 INFO: BarberX Legal Tech startup [in C:\web-dev\github-repos\BarberX.info\app.py:84]
2026-01-23 17:21:27,496 INFO: Database tables initialized [in C:\web-dev\github-repos\BarberX.info\app.py:2347]
2026-01-23 17:21:30,809 INFO: BarberX Legal Tech startup [in C:\web-dev\github-repos\BarberX.info\app.py:84]
2026-01-23 17:21:30,869 INFO: Database tables initialized [in C:\web-dev\github-repos\BarberX.info\app.py:2347]
2026-01-23 17:22:59,049 INFO: BarberX Legal Tech startup [in C:\web-dev\github-repos\BarberX.info\app.py:84]
2026-01-23 17:22:59,100 INFO: Database tables initialized [in C:\web-dev\github-repos\BarberX.info\app.py:2347]
2026-01-23 17:23:02,310 INFO: BarberX Legal Tech startup [in C:\web-dev\github-repos\BarberX.info\app.py:84]
2026-01-23 17:23:02,365 INFO: Database tables initialized [in C:\web-dev\github-repos\BarberX.info\app.py:2347]
2026-01-23 17:44:50,717 INFO: BarberX Legal Tech startup [in C:\web-dev\github-repos\BarberX.info\app.py:84]
2026-01-23 17:44:50,790 INFO: Database tables initialized [in C:\web-dev\github-repos\BarberX.info\app.py:2347]
2026-01-23 18:03:35,829 INFO: BarberX Legal Tech startup [in C:\web-dev\github-repos\BarberX.info\app.py:97]
2026-01-23 18:03:35,872 INFO: Database tables initialized [in C:\web-dev\github-repos\BarberX.info\app.py:2403]
2026-01-23 21:16:12,140 INFO: BarberX Legal Tech startup [in C:\web-dev\github-repos\BarberX.info\app.py:97]
2026-01-23 21:16:12,196 INFO: Database tables initialized [in C:\web-dev\github-repos\BarberX.info\app.py:2416]
2026-01-23 21:16:32,835 INFO: BarberX Legal Tech startup [in C:\web-dev\github-repos\BarberX.info\app.py:97]
2026-01-23 21:16:32,896 INFO: Database tables initialized [in C:\web-dev\github-repos\BarberX.info\app.py:2416]
2026-01-23 21:19:04,629 INFO: BarberX Legal Tech startup [in C:\web-dev\github-repos\BarberX.info\app.py:97]
2026-01-23 21:19:04,675 INFO: Database tables initialized [in C:\web-dev\github-repos\BarberX.info\app.py:2416]
2026-01-23 21:19:08,354 INFO: BarberX Legal Tech startup [in C:\web-dev\github-repos\BarberX.info\app.py:97]
2026-01-23 21:19:08,409 INFO: Database tables initialized [in C:\web-dev\github-repos\BarberX.info\app.py:2416]
2026-01-23 21:22:26,449 INFO: BarberX Legal Tech startup [in C:\web-dev\github-repos\BarberX.info\app.py:97]
2026-01-23 21:22:26,487 INFO: Database tables initialized [in C:\web-dev\github-repos\BarberX.info\app.py:2416]
2026-01-23 21:22:30,616 INFO: BarberX Legal Tech startup [in C:\web-dev\github-repos\BarberX.info\app.py:97]
2026-01-23 21:22:30,671 INFO: Database tables initialized [in C:\web-dev\github-repos\BarberX.info\app.py:2416]
2026-01-23 21:22:33,783 INFO: BarberX Legal Tech startup [in C:\web-dev\github-repos\BarberX.info\app.py:97]
2026-01-23 21:22:33,839 INFO: Database tables initialized [in C:\web-dev\github-repos\BarberX.info\app.py:2416]
2026-01-23 21:22:36,983 INFO: BarberX Legal Tech startup [in C:\web-dev\github-repos\BarberX.info\app.py:97]
2026-01-23 21:22:37,046 INFO: Database tables initialized [in C:\web-dev\github-repos\BarberX.info\app.py:2416]
2026-01-24 12:47:31,353 INFO: BarberX Legal Tech startup [in C:\web-dev\github-repos\BarberX.info\app.py:114]
2026-01-24 12:47:31,404 INFO: Database tables initialized [in C:\web-dev\github-repos\BarberX.info\app.py:2433]
2026-01-24 12:48:27,160 INFO: BarberX Legal Tech startup [in C:\web-dev\github-repos\BarberX.info\app.py:114]
2026-01-24 12:48:27,195 INFO: Database tables initialized [in C:\web-dev\github-repos\BarberX.info\app.py:2433]
2026-01-24 12:48:55,161 INFO: BarberX Legal Tech startup [in C:\web-dev\github-repos\BarberX.info\app.py:114]
2026-01-24 12:48:55,195 INFO: Database tables initialized [in C:\web-dev\github-repos\BarberX.info\app.py:2433]
2026-01-24 12:50:03,135 INFO: BarberX Legal Tech startup [in C:\web-dev\github-repos\BarberX.info\app.py:114]
2026-01-24 12:50:03,168 INFO: Database tables initialized [in C:\web-dev\github-repos\BarberX.info\app.py:2433]
2026-01-24 12:51:12,208 INFO: BarberX Legal Tech startup [in C:\web-dev\github-repos\BarberX.info\app.py:114]
2026-01-24 12:51:12,254 INFO: Database tables initialized [in C:\web-dev\github-repos\BarberX.info\app.py:2433]
2026-01-24 12:51:16,841 INFO: BarberX Legal Tech startup [in C:\web-dev\github-repos\BarberX.info\app.py:114]
2026-01-24 12:51:16,947 INFO: Database tables initialized [in C:\web-dev\github-repos\BarberX.info\app.py:2433]
2026-01-24 12:56:34,040 INFO: BarberX Legal Tech startup [in C:\web-dev\github-repos\BarberX.info\app.py:116]
2026-01-24 18:05:34,385 INFO: BarberX Legal Tech startup [in C:\web-dev\github-repos\BarberX.info\app.py:116]
2026-01-24 18:07:38,678 INFO: BarberX Legal Tech startup [in C:\web-dev\github-repos\BarberX.info\app.py:116]
2026-01-24 18:08:44,041 INFO: BarberX Legal Tech startup [in C:\web-dev\github-repos\BarberX.info\app.py:116]
2026-01-24 18:08:54,135 INFO: BarberX Legal Tech startup [in C:\web-dev\github-repos\BarberX.info\app.py:116]
2026-01-24 18:11:49,094 INFO: BarberX Legal Tech startup [in C:\web-dev\github-repos\BarberX.info\app.py:116]
2026-01-24 18:12:01,878 INFO: BarberX Legal Tech startup [in C:\web-dev\github-repos\BarberX.info\app.py:116]
2026-01-24 18:33:46,953 INFO: BarberX Legal Tech startup [in C:\web-dev\github-repos\BarberX.info\app.py:116]
2026-01-24 19:06:27,458 INFO: BarberX Legal Tech startup [in C:\web-dev\github-repos\BarberX.info\app.py:116]
2026-01-24 19:09:54,157 INFO: BarberX Legal Tech startup [in C:\web-dev\github-repos\BarberX.info\app.py:116]
2026-01-24 19:14:47,802 INFO: BarberX Legal Tech startup [in C:\web-dev\github-repos\BarberX.info\app.py:116]
2026-01-24 19:16:02,087 INFO: BarberX Legal Tech startup [in C:\web-dev\github-repos\BarberX.info\app.py:116]
2026-01-24 19:18:43,319 INFO: BarberX Legal Tech startup [in C:\web-dev\github-repos\BarberX.info\app.py:116]
2026-01-24 19:23:50,108 INFO: BarberX Legal Tech startup [in C:\web-dev\github-repos\BarberX.info\app.py:116]
2026-01-24 19:23:50,216 INFO: Database tables initialized [in C:\web-dev\github-repos\BarberX.info\app.py:2439]
2026-01-24 19:23:59,313 INFO: BarberX Legal Tech startup [in C:\web-dev\github-repos\BarberX.info\app.py:116]
2026-01-24 19:23:59,354 INFO: Database tables initialized [in C:\web-dev\github-repos\BarberX.info\app.py:2439]
2026-01-24 19:26:21,868 INFO: BarberX Legal Tech startup [in C:\web-dev\github-repos\BarberX.info\app.py:116]
2026-01-24 19:26:21,926 INFO: Database tables initialized [in C:\web-dev\github-repos\BarberX.info\app.py:2439]
2026-01-24 19:26:41,846 INFO: BarberX Legal Tech startup [in C:\web-dev\github-repos\BarberX.info\app.py:116]
2026-01-24 19:26:41,896 INFO: Database tables initialized [in C:\web-dev\github-repos\BarberX.info\app.py:2352]
2026-01-24 19:28:42,485 INFO: BarberX Legal Tech startup [in C:\web-dev\github-repos\BarberX.info\app.py:116]
2026-01-24 19:28:42,529 INFO: Database tables initialized [in C:\web-dev\github-repos\BarberX.info\app.py:2352]
2026-01-24 19:28:54,591 INFO: BarberX Legal Tech startup [in C:\web-dev\github-repos\BarberX.info\app.py:116]
2026-01-24 19:28:54,629 INFO: Database tables initialized [in C:\web-dev\github-repos\BarberX.info\app.py:2352]
2026-01-24 19:30:49,163 INFO: BarberX Legal Tech startup [in C:\web-dev\github-repos\BarberX.info\app.py:116]
2026-01-24 19:30:49,191 INFO: Database tables initialized [in C:\web-dev\github-repos\BarberX.info\app.py:2352]
2026-01-24 19:30:56,841 INFO: BarberX Legal Tech startup [in C:\web-dev\github-repos\BarberX.info\app.py:116]
2026-01-24 19:30:56,868 INFO: Database tables initialized [in C:\web-dev\github-repos\BarberX.info\app.py:2352]
2026-01-24 19:31:40,112 INFO: BarberX Legal Tech startup [in C:\web-dev\github-repos\BarberX.info\app.py:116]
2026-01-24 19:31:40,146 INFO: Database tables initialized [in C:\web-dev\github-repos\BarberX.info\app.py:2352]
2026-01-24 19:32:04,438 INFO: BarberX Legal Tech startup [in C:\web-dev\github-repos\BarberX.info\app.py:116]
2026-01-24 19:32:04,471 INFO: Database tables initialized [in C:\web-dev\github-repos\BarberX.info\app.py:2352]
2026-01-24 19:32:12,954 INFO: BarberX Legal Tech startup [in C:\web-dev\github-repos\BarberX.info\app.py:116]
2026-01-24 19:32:12,993 INFO: Database tables initialized [in C:\web-dev\github-repos\BarberX.info\app.py:2352]
2026-01-24 19:34:43,785 INFO: BarberX Legal Tech startup [in C:\web-dev\github-repos\BarberX.info\app.py:116]
2026-01-24 19:34:43,821 INFO: Database tables initialized [in C:\web-dev\github-repos\BarberX.info\app.py:2352]
2026-01-24 19:35:07,271 INFO: BarberX Legal Tech startup [in C:\web-dev\github-repos\BarberX.info\app.py:116]
2026-01-24 19:35:07,314 INFO: Database tables initialized [in C:\web-dev\github-repos\BarberX.info\app.py:2352]
2026-01-24 19:37:19,979 INFO: BarberX Legal Tech startup [in C:\web-dev\github-repos\BarberX.info\app.py:116]
2026-01-24 19:38:28,145 INFO: BarberX Legal Tech startup [in C:\web-dev\github-repos\BarberX.info\app.py:116]
2026-01-24 19:38:45,218 INFO: BarberX Legal Tech startup [in C:\web-dev\github-repos\BarberX.info\app.py:116]
2026-01-24 19:42:58,582 INFO: BarberX Legal Tech startup [in C:\web-dev\github-repos\BarberX.info\app.py:116]
2026-01-24 19:42:58,697 INFO: Database tables initialized [in C:\web-dev\github-repos\BarberX.info\app.py:2236]
2026-01-24 19:43:11,556 INFO: BarberX Legal Tech startup [in C:\web-dev\github-repos\BarberX.info\app.py:116]
2026-01-24 19:43:11,590 INFO: Database tables initialized [in C:\web-dev\github-repos\BarberX.info\app.py:2236]
2026-01-24 19:43:31,233 INFO: BarberX Legal Tech startup [in C:\web-dev\github-repos\BarberX.info\app.py:116]
2026-01-24 19:43:31,265 INFO: Database tables initialized [in C:\web-dev\github-repos\BarberX.info\app.py:2236]
2026-01-24 19:43:53,556 INFO: BarberX Legal Tech startup [in C:\web-dev\github-repos\BarberX.info\app.py:116]
2026-01-24 19:43:53,635 INFO: Database tables initialized [in C:\web-dev\github-repos\BarberX.info\app.py:2350]
2026-01-24 19:46:22,014 INFO: BarberX Legal Tech startup [in C:\web-dev\github-repos\BarberX.info\app.py:116]
2026-01-24 19:46:22,053 INFO: Database tables initialized [in C:\web-dev\github-repos\BarberX.info\app.py:2350]
2026-01-24 19:48:37,759 INFO: BarberX Legal Tech startup [in C:\web-dev\github-repos\BarberX.info\app.py:116]
2026-01-24 19:48:37,803 INFO: Database tables initialized [in C:\web-dev\github-repos\BarberX.info\app.py:2357]
2026-01-24 19:48:49,795 INFO: BarberX Legal Tech startup [in C:\web-dev\github-repos\BarberX.info\app.py:116]
2026-01-24 19:48:49,846 INFO: Database tables initialized [in C:\web-dev\github-repos\BarberX.info\app.py:2357]
2026-01-24 19:50:34,402 ERROR: Dashboard error: The setup method 'template_filter' can no longer be called on the application. It has already handled its first request, any changes will not be applied consistently.
Make sure all imports, decorators, functions, etc. needed to set up the application are done before running it. [in C:\web-dev\github-repos\BarberX.info\app.py:584]
2026-01-24 20:10:47,438 INFO: BarberX Legal Tech startup [in C:\web-dev\github-repos\BarberX.info\app.py:116]
2026-01-24 20:10:52,157 INFO: BarberX Legal Tech startup [in C:\web-dev\github-repos\BarberX.info\.\app.py:116]
2026-01-24 20:10:52,225 INFO: Database tables initialized [in C:\web-dev\github-repos\BarberX.info\.\app.py:2357]
2026-01-24 20:11:53,783 INFO: BarberX Legal Tech startup [in C:\web-dev\github-repos\BarberX.info\app.py:116]
2026-01-24 20:11:59,483 INFO: BarberX Legal Tech startup [in C:\web-dev\github-repos\BarberX.info\.\app.py:116]
2026-01-24 20:11:59,644 INFO: Database tables initialized [in C:\web-dev\github-repos\BarberX.info\.\app.py:2357]
